<?xml version="1.0" encoding="UTF-8"?>
<!-- Generated by org.testng.reporters.JUnitXMLReporter -->
<testsuite hostname="LAPTOP-HEPN219V" failures="0" tests="3" name="Default test" time="24.447" errors="0" timestamp="7 Dec 2022 00:06:52 GMT">
  <testcase classname="maven_package.Your_Store" name="tc" time="8.161"/>
  <testcase classname="maven_package.Your_Store" name="tc1" time="2.911"/>
  <testcase classname="maven_package.Your_Store" name="tc2" time="5.314"/>
</testsuite> <!-- Default test -->
