<?xml version="1.0" encoding="UTF-8"?>
<!-- Generated by org.testng.reporters.JUnitXMLReporter -->
<testsuite hostname="LAPTOP-HEPN219V" failures="0" tests="11" name="Test" time="189.838" errors="0" timestamp="7 Dec 2022 00:17:29 GMT">
  <testcase classname="maven_package.Traveling" name="tc1" time="6.032"/>
  <testcase classname="maven_package.Maven_class" name="tc1" time="0.342"/>
  <testcase classname="maven_package.Your_Store" name="tc" time="8.248"/>
  <testcase classname="maven_package.Traveling" name="link" time="57.843"/>
  <testcase classname="maven_package.Maven_class" name="tc4" time="18.155"/>
  <testcase classname="maven_package.Traveling" name="regsiter" time="26.616"/>
  <testcase classname="maven_package.Maven_class" name="tc6" time="0.495"/>
  <testcase classname="maven_package.Your_Store" name="tc1" time="2.535"/>
  <testcase classname="maven_package.Maven_class" name="tc5" time="19.008"/>
  <testcase classname="maven_package.Your_Store" name="tc2" time="4.997"/>
  <testcase classname="maven_package.Maven_class" name="tc11" time="18.305"/>
</testsuite> <!-- Test -->
